Thu Apr 25 11:24:45 EDT 2019
LB ST LD
Using Device: Tesla K40c
Driver Version: 410.48
using chip config: Tesla K40c
FLAGS: -D X_Y_STRIDE=32 -D ID_SHUFFLE=1 -D BARRIER=1 -D MEM_STRESS=1 -D STRESS_ITERATIONS=512  -DNVIDIA 

RESULTS: 
-------------------
r1 = 0 && r2 = 0  : 142
r1 = 1 && r2 = 0  : 390
r1 = 0 && r2 = 1  : 465
*r1 = 1 && r2 = 1 : 3
errors: 0

RATES
-------------------
tests          : 1000
time (seconds) : 22.4008
tests/sec      : 44.6413

LB ST ST
Using Device: Tesla K40c
Driver Version: 410.48
using chip config: Tesla K40c
FLAGS: -D X_Y_STRIDE=32 -D STRESS_PATTERN=0 -D ID_SHUFFLE=1 -D BARRIER=1 -D MEM_STRESS=1 -D STRESS_ITERATIONS=512  -DNVIDIA 

RESULTS: 
-------------------
r1 = 0 && r2 = 0  : 121
r1 = 1 && r2 = 0  : 401
r1 = 0 && r2 = 1  : 476
*r1 = 1 && r2 = 1 : 2
errors: 0

RATES
-------------------
tests          : 1000
time (seconds) : 2.12074
tests/sec      : 471.533

LB LD LD
Using Device: Tesla K40c
Driver Version: 410.48
using chip config: Tesla K40c
FLAGS: -D X_Y_STRIDE=32 -D STRESS_PATTERN=1 -D ID_SHUFFLE=1 -D BARRIER=1 -D MEM_STRESS=1 -D STRESS_ITERATIONS=512  -DNVIDIA 

RESULTS: 
-------------------
r1 = 0 && r2 = 0  : 39
r1 = 1 && r2 = 0  : 405
r1 = 0 && r2 = 1  : 553
*r1 = 1 && r2 = 1 : 3
errors: 0

RATES
-------------------
tests          : 1000
time (seconds) : 4.5089
tests/sec      : 221.784

LB LD ST
Using Device: Tesla K40c
Driver Version: 410.48
using chip config: Tesla K40c
FLAGS: -D X_Y_STRIDE=32 -D STRESS_PATTERN=2 -D ID_SHUFFLE=1 -D BARRIER=1 -D MEM_STRESS=1 -D STRESS_ITERATIONS=512  -DNVIDIA 

RESULTS: 
-------------------
r1 = 0 && r2 = 0  : 142
r1 = 1 && r2 = 0  : 377
r1 = 0 && r2 = 1  : 478
*r1 = 1 && r2 = 1 : 3
errors: 0

RATES
-------------------
tests          : 1000
time (seconds) : 22.4538
tests/sec      : 44.536

