Wed May 1 18:16:13 EDT 2019
MP, ST LD
Using Device: Tesla K20m
Driver Version: 410.48
using chip config: Tesla K20m
FLAGS: -D X_Y_STRIDE=32 -D PRE_STRESS=1 -D PRE_STRESS_ITERATIONS=256 -D PRE_STRESS_PATTERN=2 -D ID_SHUFFLE=1 -D BARRIER=1 -D MEM_STRESS=1 -D STRESS_ITERATIONS=512  -DNVIDIA 

RESULTS: 
-------------------
r1 = 0 && r2 = 0  : 521
r1 = 1 && r2 = 1  : 473
r1 = 0 && r2 = 1  : 6
*r1 = 1 && r2 = 0 : 0
errors: 0

RATES
-------------------
tests          : 1000
time (seconds) : 21.7437
tests/sec      : 45.9902

MP, ST ST
Using Device: Tesla K20m
Driver Version: 410.48
using chip config: Tesla K20m
FLAGS: -D X_Y_STRIDE=32 -D PRE_STRESS=1 -D PRE_STRESS_ITERATIONS=256 -D PRE_STRESS_PATTERN=1 -D STRESS_PATTERN=0 -D ID_SHUFFLE=1 -D BARRIER=1 -D MEM_STRESS=1 -D STRESS_ITERATIONS=512  -DNVIDIA 

RESULTS: 
-------------------
r1 = 0 && r2 = 0  : 496
r1 = 1 && r2 = 1  : 490
r1 = 0 && r2 = 1  : 13
*r1 = 1 && r2 = 0 : 1
errors: 0

RATES
-------------------
tests          : 1000
time (seconds) : 2.59311
tests/sec      : 385.637

MP, LD LD
Using Device: Tesla K20m
Driver Version: 410.48
using chip config: Tesla K20m
FLAGS: -D X_Y_STRIDE=32 -D PRE_STRESS=1 -D PRE_STRESS_ITERATIONS=256 -D PRE_STRESS_PATTERN=3 -D STRESS_PATTERN=1 -D ID_SHUFFLE=1 -D BARRIER=1 -D MEM_STRESS=1 -D STRESS_ITERATIONS=512  -DNVIDIA 

RESULTS: 
-------------------
r1 = 0 && r2 = 0  : 501
r1 = 1 && r2 = 1  : 481
r1 = 0 && r2 = 1  : 17
*r1 = 1 && r2 = 0 : 1
errors: 0

RATES
-------------------
tests          : 1000
time (seconds) : 4.79132
tests/sec      : 208.711

MP, LD ST
Using Device: Tesla K20m
Driver Version: 410.48
using chip config: Tesla K20m
FLAGS: -D X_Y_STRIDE=32 -D STRESS_PATTERN=2 -D ID_SHUFFLE=1 -D BARRIER=1 -D MEM_STRESS=1 -D STRESS_ITERATIONS=512  -DNVIDIA 

RESULTS: 
-------------------
r1 = 0 && r2 = 0  : 515
r1 = 1 && r2 = 1  : 465
r1 = 0 && r2 = 1  : 19
*r1 = 1 && r2 = 0 : 1
errors: 0

RATES
-------------------
tests          : 1000
time (seconds) : 21.6615
tests/sec      : 46.1649

