Sun May 5 16:41:43 EDT 2019
LB ST LD
Using Device: Tesla K40c
Driver Version: 410.48
using chip config: Tesla K40c
FLAGS: -D X_Y_STRIDE=32 -D PRE_STRESS=1 -D PRE_STRESS_ITERATIONS=256 -D PRE_STRESS_PATTERN=1 -D ID_SHUFFLE=1 -D BARRIER=1 -D MEM_STRESS=1 -D STRESS_ITERATIONS=512  -DNVIDIA 

RESULTS: 
-------------------
r1 = 0 && r2 = 0  : 45
r1 = 1 && r2 = 0  : 420
r1 = 0 && r2 = 1  : 532
*r1 = 1 && r2 = 1 : 3
errors: 0

RATES
-------------------
tests          : 1000
time (seconds) : 22.5498
tests/sec      : 44.3463

LB ST ST
Using Device: Tesla K40c
Driver Version: 410.48
using chip config: Tesla K40c
FLAGS: -D X_Y_STRIDE=32 -D STRESS_PATTERN=0 -D ID_SHUFFLE=1 -D BARRIER=1 -D MEM_STRESS=1 -D STRESS_ITERATIONS=512  -DNVIDIA 

RESULTS: 
-------------------
r1 = 0 && r2 = 0  : 105
r1 = 1 && r2 = 0  : 412
r1 = 0 && r2 = 1  : 480
*r1 = 1 && r2 = 1 : 3
errors: 0

RATES
-------------------
tests          : 1000
time (seconds) : 2.11812
tests/sec      : 472.116

LB LD LD
Using Device: Tesla K40c
Driver Version: 410.48
using chip config: Tesla K40c
FLAGS: -D X_Y_STRIDE=32 -D STRESS_PATTERN=1 -D ID_SHUFFLE=1 -D BARRIER=1 -D MEM_STRESS=1 -D STRESS_ITERATIONS=512  -DNVIDIA 

RESULTS: 
-------------------
r1 = 0 && r2 = 0  : 36
r1 = 1 && r2 = 0  : 403
r1 = 0 && r2 = 1  : 558
*r1 = 1 && r2 = 1 : 3
errors: 0

RATES
-------------------
tests          : 1000
time (seconds) : 4.51519
tests/sec      : 221.475

LB LD ST
Using Device: Tesla K40c
Driver Version: 410.48
using chip config: Tesla K40c
FLAGS: -D X_Y_STRIDE=32 -D STRESS_PATTERN=2 -D ID_SHUFFLE=1 -D BARRIER=1 -D MEM_STRESS=1 -D STRESS_ITERATIONS=512  -DNVIDIA 

RESULTS: 
-------------------
r1 = 0 && r2 = 0  : 146
r1 = 1 && r2 = 0  : 395
r1 = 0 && r2 = 1  : 456
*r1 = 1 && r2 = 1 : 3
errors: 0

RATES
-------------------
tests          : 1000
time (seconds) : 22.4298
tests/sec      : 44.5836

