Thu Apr 25 12:42:39 EDT 2019
SB ST LD
Using Device: Tesla K40c
Driver Version: 410.48
using chip config: Tesla K40c
FLAGS: -D X_Y_STRIDE=32 -D PRE_STRESS=1 -D PRE_STRESS_ITERATIONS=256 -D PRE_STRESS_PATTERN=2 -D STRESS_PATTERN=3 -D ID_SHUFFLE=1 -D BARRIER=1 -D MEM_STRESS=1 -D STRESS_ITERATIONS=1024  -DNVIDIA 

RESULTS: 
-------------------
r1 = 1 && r2 = 1  : 531
r1 = 1 && r2 = 0  : 443
r1 = 0 && r2 = 1  : 26
*r1 = 0 && r2 = 0 : 0
errors: 0

RATES
-------------------
tests          : 1000
time (seconds) : 43.9837
tests/sec      : 22.7357

SB ST ST
Using Device: Tesla K40c
Driver Version: 410.48
using chip config: Tesla K40c
FLAGS: -D X_Y_STRIDE=32 -D PRE_STRESS=1 -D PRE_STRESS_ITERATIONS=256 -D PRE_STRESS_PATTERN=1 -D STRESS_PATTERN=0 -D ID_SHUFFLE=1 -D BARRIER=1 -D MEM_STRESS=1 -D STRESS_ITERATIONS=1024  -DNVIDIA 

RESULTS: 
-------------------
r1 = 1 && r2 = 1  : 479
r1 = 1 && r2 = 0  : 455
r1 = 0 && r2 = 1  : 66
*r1 = 0 && r2 = 0 : 0
errors: 0

RATES
-------------------
tests          : 1000
time (seconds) : 3.50554
tests/sec      : 285.263

SB LD LD
Using Device: Tesla K40c
Driver Version: 410.48
using chip config: Tesla K40c
FLAGS: -D X_Y_STRIDE=32 -D PRE_STRESS=1 -D PRE_STRESS_ITERATIONS=256 -D PRE_STRESS_PATTERN=0 -D STRESS_PATTERN=1 -D ID_SHUFFLE=1 -D BARRIER=1 -D MEM_STRESS=1 -D STRESS_ITERATIONS=1024  -DNVIDIA 

RESULTS: 
-------------------
r1 = 1 && r2 = 1  : 375
r1 = 1 && r2 = 0  : 327
r1 = 0 && r2 = 1  : 298
*r1 = 0 && r2 = 0 : 0
errors: 0

RATES
-------------------
tests          : 1000
time (seconds) : 8.24653
tests/sec      : 121.263

SB LD ST
Using Device: Tesla K40c
Driver Version: 410.48
using chip config: Tesla K40c
FLAGS: -D X_Y_STRIDE=32 -D PRE_STRESS=1 -D PRE_STRESS_ITERATIONS=256 -D PRE_STRESS_PATTERN=3 -D STRESS_PATTERN=2 -D ID_SHUFFLE=1 -D BARRIER=1 -D MEM_STRESS=1 -D STRESS_ITERATIONS=1024  -DNVIDIA 

RESULTS: 
-------------------
r1 = 1 && r2 = 1  : 519
r1 = 1 && r2 = 0  : 450
r1 = 0 && r2 = 1  : 31
*r1 = 0 && r2 = 0 : 0
errors: 0

RATES
-------------------
tests          : 1000
time (seconds) : 43.9967
tests/sec      : 22.729

