Thu Apr 25 12:34:44 EDT 2019
SB ST LD
Using Device: Tesla K40c
Driver Version: 410.48
using chip config: Tesla K40c
FLAGS: -D X_Y_STRIDE=32 -D PRE_STRESS=1 -D PRE_STRESS_ITERATIONS=256 -D PRE_STRESS_PATTERN=2 -D STRESS_PATTERN=3 -D ID_SHUFFLE=1 -D BARRIER=1 -D MEM_STRESS=1 -D STRESS_ITERATIONS=1024  -DNVIDIA 

RESULTS: 
-------------------
r1 = 1 && r2 = 1  : 510
r1 = 1 && r2 = 0  : 465
r1 = 0 && r2 = 1  : 25
*r1 = 0 && r2 = 0 : 0
errors: 0

RATES
-------------------
tests          : 1000
time (seconds) : 43.9882
tests/sec      : 22.7334

SB ST ST
Using Device: Tesla K40c
Driver Version: 410.48
using chip config: Tesla K40c
FLAGS: -D X_Y_STRIDE=32 -D PRE_STRESS=1 -D PRE_STRESS_ITERATIONS=256 -D PRE_STRESS_PATTERN=1 -D STRESS_PATTERN=0 -D ID_SHUFFLE=1 -D BARRIER=1 -D MEM_STRESS=1 -D STRESS_ITERATIONS=1024  -DNVIDIA 

RESULTS: 
-------------------
r1 = 1 && r2 = 1  : 479
r1 = 1 && r2 = 0  : 459
r1 = 0 && r2 = 1  : 62
*r1 = 0 && r2 = 0 : 0
errors: 0

RATES
-------------------
tests          : 1000
time (seconds) : 3.50467
tests/sec      : 285.334

SB LD LD
Using Device: Tesla K40c
Driver Version: 410.48
using chip config: Tesla K40c
FLAGS: -D X_Y_STRIDE=32 -D PRE_STRESS=1 -D PRE_STRESS_ITERATIONS=256 -D PRE_STRESS_PATTERN=0 -D STRESS_PATTERN=1 -D ID_SHUFFLE=1 -D BARRIER=1 -D MEM_STRESS=1 -D STRESS_ITERATIONS=1024  -DNVIDIA 

RESULTS: 
-------------------
r1 = 1 && r2 = 1  : 353
r1 = 1 && r2 = 0  : 324
r1 = 0 && r2 = 1  : 323
*r1 = 0 && r2 = 0 : 0
errors: 0

RATES
-------------------
tests          : 1000
time (seconds) : 8.26844
tests/sec      : 120.942

SB LD ST
Using Device: Tesla K40c
Driver Version: 410.48
using chip config: Tesla K40c
FLAGS: -D X_Y_STRIDE=32 -D PRE_STRESS=1 -D PRE_STRESS_ITERATIONS=256 -D PRE_STRESS_PATTERN=3 -D STRESS_PATTERN=2 -D ID_SHUFFLE=1 -D BARRIER=1 -D MEM_STRESS=1 -D STRESS_ITERATIONS=1024  -DNVIDIA 

RESULTS: 
-------------------
r1 = 1 && r2 = 1  : 506
r1 = 1 && r2 = 0  : 455
r1 = 0 && r2 = 1  : 39
*r1 = 0 && r2 = 0 : 0
errors: 0

RATES
-------------------
tests          : 1000
time (seconds) : 43.9944
tests/sec      : 22.7302

