Thu Apr 25 17:38:49 EDT 2019
MP, ST LD
Using Device: Tesla K40c
Driver Version: 410.48
using chip config: Tesla K40c
FLAGS: -D X_Y_STRIDE=32 -D PRE_STRESS=1 -D PRE_STRESS_ITERATIONS=256 -D PRE_STRESS_PATTERN=2 -D ID_SHUFFLE=1 -D BARRIER=1 -D MEM_STRESS=1 -D STRESS_ITERATIONS=512  -DNVIDIA 

RESULTS: 
-------------------
r1 = 0 && r2 = 0  : 521
r1 = 1 && r2 = 1  : 458
r1 = 0 && r2 = 1  : 20
*r1 = 1 && r2 = 0 : 1
errors: 0

RATES
-------------------
tests          : 1000
time (seconds) : 22.5428
tests/sec      : 44.3601

MP, ST ST
Using Device: Tesla K40c
Driver Version: 410.48
using chip config: Tesla K40c
FLAGS: -D X_Y_STRIDE=32 -D PRE_STRESS=1 -D PRE_STRESS_ITERATIONS=256 -D PRE_STRESS_PATTERN=1 -D STRESS_PATTERN=0 -D ID_SHUFFLE=1 -D BARRIER=1 -D MEM_STRESS=1 -D STRESS_ITERATIONS=512  -DNVIDIA 

RESULTS: 
-------------------
r1 = 0 && r2 = 0  : 494
r1 = 1 && r2 = 1  : 468
r1 = 0 && r2 = 1  : 38
*r1 = 1 && r2 = 0 : 0
errors: 0

RATES
-------------------
tests          : 1000
time (seconds) : 2.29381
tests/sec      : 435.956

MP, LD LD
Using Device: Tesla K40c
Driver Version: 410.48
using chip config: Tesla K40c
FLAGS: -D X_Y_STRIDE=32 -D PRE_STRESS=1 -D PRE_STRESS_ITERATIONS=256 -D PRE_STRESS_PATTERN=3 -D STRESS_PATTERN=1 -D ID_SHUFFLE=1 -D BARRIER=1 -D MEM_STRESS=1 -D STRESS_ITERATIONS=512  -DNVIDIA 

RESULTS: 
-------------------
r1 = 0 && r2 = 0  : 473
r1 = 1 && r2 = 1  : 501
r1 = 0 && r2 = 1  : 25
*r1 = 1 && r2 = 0 : 1
errors: 0

RATES
-------------------
tests          : 1000
time (seconds) : 4.60385
tests/sec      : 217.21

MP, LD ST
Using Device: Tesla K40c
Driver Version: 410.48
using chip config: Tesla K40c
FLAGS: -D X_Y_STRIDE=32 -D STRESS_PATTERN=2 -D ID_SHUFFLE=1 -D BARRIER=1 -D MEM_STRESS=1 -D STRESS_ITERATIONS=512  -DNVIDIA 

RESULTS: 
-------------------
r1 = 0 && r2 = 0  : 508
r1 = 1 && r2 = 1  : 400
r1 = 0 && r2 = 1  : 89
*r1 = 1 && r2 = 0 : 3
errors: 0

RATES
-------------------
tests          : 1000
time (seconds) : 22.4102
tests/sec      : 44.6225

