Thu Apr 25 12:41:49 EDT 2019
LB ST LD
Using Device: Tesla K40c
Driver Version: 410.48
using chip config: Tesla K40c
FLAGS: -D X_Y_STRIDE=32 -D PRE_STRESS=1 -D PRE_STRESS_ITERATIONS=256 -D PRE_STRESS_PATTERN=1 -D ID_SHUFFLE=1 -D BARRIER=1 -D MEM_STRESS=1 -D STRESS_ITERATIONS=512  -DNVIDIA 

RESULTS: 
-------------------
r1 = 0 && r2 = 0  : 53
r1 = 1 && r2 = 0  : 421
r1 = 0 && r2 = 1  : 524
*r1 = 1 && r2 = 1 : 2
errors: 0

RATES
-------------------
tests          : 1000
time (seconds) : 22.5574
tests/sec      : 44.3313

LB ST ST
Using Device: Tesla K40c
Driver Version: 410.48
using chip config: Tesla K40c
FLAGS: -D X_Y_STRIDE=32 -D STRESS_PATTERN=0 -D ID_SHUFFLE=1 -D BARRIER=1 -D MEM_STRESS=1 -D STRESS_ITERATIONS=512  -DNVIDIA 

RESULTS: 
-------------------
r1 = 0 && r2 = 0  : 117
r1 = 1 && r2 = 0  : 397
r1 = 0 && r2 = 1  : 483
*r1 = 1 && r2 = 1 : 3
errors: 0

RATES
-------------------
tests          : 1000
time (seconds) : 2.12018
tests/sec      : 471.657

LB LD LD
Using Device: Tesla K40c
Driver Version: 410.48
using chip config: Tesla K40c
FLAGS: -D X_Y_STRIDE=32 -D STRESS_PATTERN=1 -D ID_SHUFFLE=1 -D BARRIER=1 -D MEM_STRESS=1 -D STRESS_ITERATIONS=512  -DNVIDIA 

RESULTS: 
-------------------
r1 = 0 && r2 = 0  : 30
r1 = 1 && r2 = 0  : 417
r1 = 0 && r2 = 1  : 549
*r1 = 1 && r2 = 1 : 4
errors: 0

RATES
-------------------
tests          : 1000
time (seconds) : 4.52065
tests/sec      : 221.207

LB LD ST
Using Device: Tesla K40c
Driver Version: 410.48
using chip config: Tesla K40c
FLAGS: -D X_Y_STRIDE=32 -D STRESS_PATTERN=2 -D ID_SHUFFLE=1 -D BARRIER=1 -D MEM_STRESS=1 -D STRESS_ITERATIONS=512  -DNVIDIA 

RESULTS: 
-------------------
r1 = 0 && r2 = 0  : 167
r1 = 1 && r2 = 0  : 367
r1 = 0 && r2 = 1  : 464
*r1 = 1 && r2 = 1 : 2
errors: 0

RATES
-------------------
tests          : 1000
time (seconds) : 22.4137
tests/sec      : 44.6156

