Thu Apr 25 12:20:14 EDT 2019
SB ST LD
Using Device: Tesla K40c
Driver Version: 410.48
using chip config: Tesla K40c
FLAGS: -D X_Y_STRIDE=32 -D PRE_STRESS=1 -D STRESS_PATTERN=3 -D ID_SHUFFLE=1 -D BARRIER=1 -D MEM_STRESS=1 -D STRESS_ITERATIONS=1024  -DNVIDIA 
<kernel>:34:1: warning: '__forceinline' attribute ignored
__forceinline void atomic_store_explicit(__global volatile atomic_int* target, int val, const memory_order mo, const memory_scope ms) {
^
<kernel>:42:1: warning: '__forceinline' attribute ignored
__forceinline int atomic_load_explicit(__global volatile atomic_int* target, const memory_order mo, const memory_scope ms) {
^
<kernel>:174:29: warning: passing '__global atomic_uint *' (aka 'volatile __global unsigned int *') to parameter of type 'volatile __global atomic_int *' (aka 'volatile __global int *') converts between pointers to integer types with different sign
      atomic_store_explicit(&ga[x_loc], 1, memory_order_relaxed, memory_scope_device);
                            ^~~~~~~~~~
<kernel>:34:72: note: passing argument to parameter 'target' here
__forceinline void atomic_store_explicit(__global volatile atomic_int* target, int val, const memory_order mo, const memory_scope ms) {
                                                                       ^
<kernel>:175:39: warning: passing '__global atomic_uint *' (aka 'volatile __global unsigned int *') to parameter of type 'volatile __global atomic_int *' (aka 'volatile __global int *') converts between pointers to integer types with different sign
      int tmp1 = atomic_load_explicit(&ga[y_loc], memory_order_relaxed, memory_scope_device);
                                      ^~~~~~~~~~
<kernel>:42:70: note: passing argument to parameter 'target' here
__forceinline int atomic_load_explicit(__global volatile atomic_int* target, const memory_order mo, const memory_scope ms) {
                                                                     ^
<kernel>:181:29: warning: passing '__global atomic_uint *' (aka 'volatile __global unsigned int *') to parameter of type 'volatile __global atomic_int *' (aka 'volatile __global int *') converts between pointers to integer types with different sign
      atomic_store_explicit(&ga[y_loc], 1, memory_order_relaxed, memory_scope_device);
                            ^~~~~~~~~~
<kernel>:34:72: note: passing argument to parameter 'target' here
__forceinline void atomic_store_explicit(__global volatile atomic_int* target, int val, const memory_order mo, const memory_scope ms) {
                                                                       ^
<kernel>:182:39: warning: passing '__global atomic_uint *' (aka 'volatile __global unsigned int *') to parameter of type 'volatile __global atomic_int *' (aka 'volatile __global int *') converts between pointers to integer types with different sign
      int tmp2 = atomic_load_explicit(&ga[x_loc], memory_order_relaxed, memory_scope_device);
                                      ^~~~~~~~~~
<kernel>:42:70: note: passing argument to parameter 'target' here
__forceinline int atomic_load_explicit(__global volatile atomic_int* target, const memory_order mo, const memory_scope ms) {
                                                                     ^
<kernel>:229:1: error: expected expression
__kernel void check_outputs(__global int *output, __global int *result) {
^
<kernel>:250:2: error: expected '}'
}
 ^
<kernel>:125:3: note: to match this '{'
) {
  ^

/home/jak4/iws19/OpenCLLitmus_v_2/litmus_driver.cpp:333: error (-11)
SB ST ST
Using Device: Tesla K40c
Driver Version: 410.48
using chip config: Tesla K40c
FLAGS: -D X_Y_STRIDE=32 -D PRE_STRESS=1 -D STRESS_PATTERN=0 -D ID_SHUFFLE=1 -D BARRIER=1 -D MEM_STRESS=1 -D STRESS_ITERATIONS=1024  -DNVIDIA 
<kernel>:34:1: warning: '__forceinline' attribute ignored
__forceinline void atomic_store_explicit(__global volatile atomic_int* target, int val, const memory_order mo, const memory_scope ms) {
^
<kernel>:42:1: warning: '__forceinline' attribute ignored
__forceinline int atomic_load_explicit(__global volatile atomic_int* target, const memory_order mo, const memory_scope ms) {
^
<kernel>:174:29: warning: passing '__global atomic_uint *' (aka 'volatile __global unsigned int *') to parameter of type 'volatile __global atomic_int *' (aka 'volatile __global int *') converts between pointers to integer types with different sign
      atomic_store_explicit(&ga[x_loc], 1, memory_order_relaxed, memory_scope_device);
                            ^~~~~~~~~~
<kernel>:34:72: note: passing argument to parameter 'target' here
__forceinline void atomic_store_explicit(__global volatile atomic_int* target, int val, const memory_order mo, const memory_scope ms) {
                                                                       ^
<kernel>:175:39: warning: passing '__global atomic_uint *' (aka 'volatile __global unsigned int *') to parameter of type 'volatile __global atomic_int *' (aka 'volatile __global int *') converts between pointers to integer types with different sign
      int tmp1 = atomic_load_explicit(&ga[y_loc], memory_order_relaxed, memory_scope_device);
                                      ^~~~~~~~~~
<kernel>:42:70: note: passing argument to parameter 'target' here
__forceinline int atomic_load_explicit(__global volatile atomic_int* target, const memory_order mo, const memory_scope ms) {
                                                                     ^
<kernel>:181:29: warning: passing '__global atomic_uint *' (aka 'volatile __global unsigned int *') to parameter of type 'volatile __global atomic_int *' (aka 'volatile __global int *') converts between pointers to integer types with different sign
      atomic_store_explicit(&ga[y_loc], 1, memory_order_relaxed, memory_scope_device);
                            ^~~~~~~~~~
<kernel>:34:72: note: passing argument to parameter 'target' here
__forceinline void atomic_store_explicit(__global volatile atomic_int* target, int val, const memory_order mo, const memory_scope ms) {
                                                                       ^
<kernel>:182:39: warning: passing '__global atomic_uint *' (aka 'volatile __global unsigned int *') to parameter of type 'volatile __global atomic_int *' (aka 'volatile __global int *') converts between pointers to integer types with different sign
      int tmp2 = atomic_load_explicit(&ga[x_loc], memory_order_relaxed, memory_scope_device);
                                      ^~~~~~~~~~
<kernel>:42:70: note: passing argument to parameter 'target' here
__forceinline int atomic_load_explicit(__global volatile atomic_int* target, const memory_order mo, const memory_scope ms) {
                                                                     ^
<kernel>:229:1: error: expected expression
__kernel void check_outputs(__global int *output, __global int *result) {
^
<kernel>:250:2: error: expected '}'
}
 ^
<kernel>:125:3: note: to match this '{'
) {
  ^

/home/jak4/iws19/OpenCLLitmus_v_2/litmus_driver.cpp:333: error (-11)
SB LD LD
Using Device: Tesla K40c
Driver Version: 410.48
using chip config: Tesla K40c
FLAGS: -D X_Y_STRIDE=32 -D PRE_STRESS=1 -D STRESS_PATTERN=1 -D ID_SHUFFLE=1 -D BARRIER=1 -D MEM_STRESS=1 -D STRESS_ITERATIONS=1024  -DNVIDIA 
<kernel>:34:1: warning: '__forceinline' attribute ignored
__forceinline void atomic_store_explicit(__global volatile atomic_int* target, int val, const memory_order mo, const memory_scope ms) {
^
<kernel>:42:1: warning: '__forceinline' attribute ignored
__forceinline int atomic_load_explicit(__global volatile atomic_int* target, const memory_order mo, const memory_scope ms) {
^
<kernel>:174:29: warning: passing '__global atomic_uint *' (aka 'volatile __global unsigned int *') to parameter of type 'volatile __global atomic_int *' (aka 'volatile __global int *') converts between pointers to integer types with different sign
      atomic_store_explicit(&ga[x_loc], 1, memory_order_relaxed, memory_scope_device);
                            ^~~~~~~~~~
<kernel>:34:72: note: passing argument to parameter 'target' here
__forceinline void atomic_store_explicit(__global volatile atomic_int* target, int val, const memory_order mo, const memory_scope ms) {
                                                                       ^
<kernel>:175:39: warning: passing '__global atomic_uint *' (aka 'volatile __global unsigned int *') to parameter of type 'volatile __global atomic_int *' (aka 'volatile __global int *') converts between pointers to integer types with different sign
      int tmp1 = atomic_load_explicit(&ga[y_loc], memory_order_relaxed, memory_scope_device);
                                      ^~~~~~~~~~
<kernel>:42:70: note: passing argument to parameter 'target' here
__forceinline int atomic_load_explicit(__global volatile atomic_int* target, const memory_order mo, const memory_scope ms) {
                                                                     ^
<kernel>:181:29: warning: passing '__global atomic_uint *' (aka 'volatile __global unsigned int *') to parameter of type 'volatile __global atomic_int *' (aka 'volatile __global int *') converts between pointers to integer types with different sign
      atomic_store_explicit(&ga[y_loc], 1, memory_order_relaxed, memory_scope_device);
                            ^~~~~~~~~~
<kernel>:34:72: note: passing argument to parameter 'target' here
__forceinline void atomic_store_explicit(__global volatile atomic_int* target, int val, const memory_order mo, const memory_scope ms) {
                                                                       ^
<kernel>:182:39: warning: passing '__global atomic_uint *' (aka 'volatile __global unsigned int *') to parameter of type 'volatile __global atomic_int *' (aka 'volatile __global int *') converts between pointers to integer types with different sign
      int tmp2 = atomic_load_explicit(&ga[x_loc], memory_order_relaxed, memory_scope_device);
                                      ^~~~~~~~~~
<kernel>:42:70: note: passing argument to parameter 'target' here
__forceinline int atomic_load_explicit(__global volatile atomic_int* target, const memory_order mo, const memory_scope ms) {
                                                                     ^
<kernel>:229:1: error: expected expression
__kernel void check_outputs(__global int *output, __global int *result) {
^
<kernel>:250:2: error: expected '}'
}
 ^
<kernel>:125:3: note: to match this '{'
) {
  ^

/home/jak4/iws19/OpenCLLitmus_v_2/litmus_driver.cpp:333: error (-11)
SB LD ST
Using Device: Tesla K40c
Driver Version: 410.48
using chip config: Tesla K40c
FLAGS: -D X_Y_STRIDE=32 -D PRE_STRESS=1 -D STRESS_PATTERN=2 -D ID_SHUFFLE=1 -D BARRIER=1 -D MEM_STRESS=1 -D STRESS_ITERATIONS=1024  -DNVIDIA 
<kernel>:34:1: warning: '__forceinline' attribute ignored
__forceinline void atomic_store_explicit(__global volatile atomic_int* target, int val, const memory_order mo, const memory_scope ms) {
^
<kernel>:42:1: warning: '__forceinline' attribute ignored
__forceinline int atomic_load_explicit(__global volatile atomic_int* target, const memory_order mo, const memory_scope ms) {
^
<kernel>:174:29: warning: passing '__global atomic_uint *' (aka 'volatile __global unsigned int *') to parameter of type 'volatile __global atomic_int *' (aka 'volatile __global int *') converts between pointers to integer types with different sign
      atomic_store_explicit(&ga[x_loc], 1, memory_order_relaxed, memory_scope_device);
                            ^~~~~~~~~~
<kernel>:34:72: note: passing argument to parameter 'target' here
__forceinline void atomic_store_explicit(__global volatile atomic_int* target, int val, const memory_order mo, const memory_scope ms) {
                                                                       ^
<kernel>:175:39: warning: passing '__global atomic_uint *' (aka 'volatile __global unsigned int *') to parameter of type 'volatile __global atomic_int *' (aka 'volatile __global int *') converts between pointers to integer types with different sign
      int tmp1 = atomic_load_explicit(&ga[y_loc], memory_order_relaxed, memory_scope_device);
                                      ^~~~~~~~~~
<kernel>:42:70: note: passing argument to parameter 'target' here
__forceinline int atomic_load_explicit(__global volatile atomic_int* target, const memory_order mo, const memory_scope ms) {
                                                                     ^
<kernel>:181:29: warning: passing '__global atomic_uint *' (aka 'volatile __global unsigned int *') to parameter of type 'volatile __global atomic_int *' (aka 'volatile __global int *') converts between pointers to integer types with different sign
      atomic_store_explicit(&ga[y_loc], 1, memory_order_relaxed, memory_scope_device);
                            ^~~~~~~~~~
<kernel>:34:72: note: passing argument to parameter 'target' here
__forceinline void atomic_store_explicit(__global volatile atomic_int* target, int val, const memory_order mo, const memory_scope ms) {
                                                                       ^
<kernel>:182:39: warning: passing '__global atomic_uint *' (aka 'volatile __global unsigned int *') to parameter of type 'volatile __global atomic_int *' (aka 'volatile __global int *') converts between pointers to integer types with different sign
      int tmp2 = atomic_load_explicit(&ga[x_loc], memory_order_relaxed, memory_scope_device);
                                      ^~~~~~~~~~
<kernel>:42:70: note: passing argument to parameter 'target' here
__forceinline int atomic_load_explicit(__global volatile atomic_int* target, const memory_order mo, const memory_scope ms) {
                                                                     ^
<kernel>:229:1: error: expected expression
__kernel void check_outputs(__global int *output, __global int *result) {
^
<kernel>:250:2: error: expected '}'
}
 ^
<kernel>:125:3: note: to match this '{'
) {
  ^

/home/jak4/iws19/OpenCLLitmus_v_2/litmus_driver.cpp:333: error (-11)
