Thu Apr 25 11:10:31 EDT 2019
MP, ST LD
Using Device: Tesla K40c
Driver Version: 410.48
using chip config: Tesla K40c
FLAGS: -D X_Y_STRIDE=32 -D ID_SHUFFLE=1 -D BARRIER=1 -D MEM_STRESS=1 -D STRESS_ITERATIONS=512  -DNVIDIA 

RESULTS: 
-------------------
r1 = 0 && r2 = 0  : 499
r1 = 1 && r2 = 1  : 409
r1 = 0 && r2 = 1  : 91
*r1 = 1 && r2 = 0 : 1
errors: 0

RATES
-------------------
tests          : 1000
time (seconds) : 22.4118
tests/sec      : 44.6193

MP, ST ST
Using Device: Tesla K40c
Driver Version: 410.48
using chip config: Tesla K40c
FLAGS: -D X_Y_STRIDE=32 -D STRESS_PATTERN=0 -D ID_SHUFFLE=1 -D BARRIER=1 -D MEM_STRESS=1 -D STRESS_ITERATIONS=512  -DNVIDIA 

RESULTS: 
-------------------
r1 = 0 && r2 = 0  : 556
r1 = 1 && r2 = 1  : 365
r1 = 0 && r2 = 1  : 79
*r1 = 1 && r2 = 0 : 0
errors: 0

RATES
-------------------
tests          : 1000
time (seconds) : 2.10776
tests/sec      : 474.436

MP, LD LD
Using Device: Tesla K40c
Driver Version: 410.48
using chip config: Tesla K40c
FLAGS: -D X_Y_STRIDE=32 -D STRESS_PATTERN=1 -D ID_SHUFFLE=1 -D BARRIER=1 -D MEM_STRESS=1 -D STRESS_ITERATIONS=512  -DNVIDIA 

RESULTS: 
-------------------
r1 = 0 && r2 = 0  : 413
r1 = 1 && r2 = 1  : 556
r1 = 0 && r2 = 1  : 31
*r1 = 1 && r2 = 0 : 0
errors: 0

RATES
-------------------
tests          : 1000
time (seconds) : 4.50088
tests/sec      : 222.179

MP, LD ST
Using Device: Tesla K40c
Driver Version: 410.48
using chip config: Tesla K40c
FLAGS: -D X_Y_STRIDE=32 -D STRESS_PATTERN=2 -D ID_SHUFFLE=1 -D BARRIER=1 -D MEM_STRESS=1 -D STRESS_ITERATIONS=512  -DNVIDIA 

RESULTS: 
-------------------
r1 = 0 && r2 = 0  : 501
r1 = 1 && r2 = 1  : 389
r1 = 0 && r2 = 1  : 104
*r1 = 1 && r2 = 0 : 6
errors: 0

RATES
-------------------
tests          : 1000
time (seconds) : 22.3958
tests/sec      : 44.6513

